<?xml version="1.0" encoding="UTF-8"?>
<testsuite name="practical1.NumberToolsTest" tests="2" skipped="0" failures="0" errors="0" timestamp="2024-09-23T19:07:43" hostname="Gabrielas-Air.lan" time="0.007">
  <properties/>
  <testcase name="testParse" classname="practical1.NumberToolsTest" time="0.002"/>
  <testcase name="testComputeStatistic" classname="practical1.NumberToolsTest" time="0.005"/>
  <system-out><![CDATA[]]></system-out>
  <system-err><![CDATA[]]></system-err>
</testsuite>
